<?xml version="1.0" encoding="UTF-8"?>
<testng-results skipped="0" failed="0" total="3" passed="3">
  <reporter-output>
  </reporter-output>
  <suite name="Default suite" duration-ms="4530" started-at="2020-04-24T10:45:32Z" finished-at="2020-04-24T10:45:37Z">
    <groups>
    </groups>
    <test name="Default test" duration-ms="4530" started-at="2020-04-24T10:45:32Z" finished-at="2020-04-24T10:45:37Z">
      <class name="com.rupeek.RestAPIProject.scripts.CustomerOperation">
        <test-method status="PASS" signature="authenticate()[pri:0, instance:com.rupeek.RestAPIProject.scripts.CustomerOperation@14acaea5]" name="authenticate" duration-ms="3925" started-at="2020-04-24T16:15:32Z" finished-at="2020-04-24T16:15:36Z">
          <reporter-output>
          </reporter-output>
        </test-method> <!-- authenticate -->
        <test-method status="PASS" signature="getAllCustomerRecord()[pri:0, instance:com.rupeek.RestAPIProject.scripts.CustomerOperation@14acaea5]" name="getAllCustomerRecord" duration-ms="386" started-at="2020-04-24T16:15:36Z" finished-at="2020-04-24T16:15:37Z">
          <reporter-output>
          </reporter-output>
        </test-method> <!-- getAllCustomerRecord -->
        <test-method status="PASS" signature="getCustomerByPhoneNo()[pri:0, instance:com.rupeek.RestAPIProject.scripts.CustomerOperation@14acaea5]" name="getCustomerByPhoneNo" duration-ms="171" started-at="2020-04-24T16:15:37Z" finished-at="2020-04-24T16:15:37Z">
          <reporter-output>
          </reporter-output>
        </test-method> <!-- getCustomerByPhoneNo -->
      </class> <!-- com.rupeek.RestAPIProject.scripts.CustomerOperation -->
    </test> <!-- Default test -->
  </suite> <!-- Default suite -->
</testng-results>
